<?xml version="1.0" encoding="UTF-8"?>
<!-- Generated by org.testng.reporters.JUnitReportReporter -->
<testsuite hostname="Ant-Devanshi-INT081" failures="0" tests="5" name="Test.EvmTesting" time="170.905" errors="0" timestamp="2024-11-22T13:29:56 IST" skipped="0">
  <testcase classname="Test.EvmTesting" name="Dashboardtesting" time="26.644"/>
  <system-out/>
  <testcase classname="Test.EvmTesting" name="Blocktesting" time="25.925"/>
  <system-out/>
  <testcase classname="Test.EvmTesting" name="Transactiontesting" time="31.537"/>
  <system-out/>
  <testcase classname="Test.EvmTesting" name="FaucetTesting" time="36.848"/>
  <system-out/>
  <testcase classname="Test.EvmTesting" name="SearchTesting" time="49.951"/>
  <system-out/>
</testsuite> <!-- Test.EvmTesting -->
