<?xml version="1.0" encoding="UTF-8"?>
<!-- Generated by org.testng.reporters.JUnitReportReporter -->
<testsuite hostname="Ant-Devanshi-INT081" failures="0" tests="6" name="Test.UtxoTesting" time="198.481" errors="0" timestamp="2024-11-22T13:29:56 IST" skipped="0">
  <testcase classname="Test.UtxoTesting" name="UtxoSwitching" time="18.869"/>
  <system-out/>
  <testcase classname="Test.UtxoTesting" name="UtxoDashboardTesting" time="44.452"/>
  <system-out/>
  <testcase classname="Test.UtxoTesting" name="UtxoBlockTesting" time="37.468"/>
  <system-out/>
  <testcase classname="Test.UtxoTesting" name="UtxoTransactiontesting" time="39.521"/>
  <system-out/>
  <testcase classname="Test.UtxoTesting" name="UtxoFaucetTesting" time="13.639"/>
  <system-out/>
  <testcase classname="Test.UtxoTesting" name="UtxoSearchBarTesting" time="44.532"/>
  <system-out/>
</testsuite> <!-- Test.UtxoTesting -->
